{"/Users/matt/Projects/x-ray-simple/index.js":{"path":"/Users/matt/Projects/x-ray-simple/index.js","s":{"1":1,"2":1,"3":1,"4":1,"5":1,"6":1,"7":1,"8":1,"9":1,"10":1,"11":1,"12":1,"13":1,"14":481,"15":3,"16":3,"17":1,"18":482,"19":3,"20":3,"21":482,"22":4,"23":4,"24":4,"25":0,"26":4,"27":4,"28":0,"29":4,"30":478,"31":4,"32":4,"33":4,"34":0,"35":4,"36":4,"37":0,"38":4,"39":474,"40":2,"41":2,"42":2,"43":2,"44":2,"45":0,"46":2,"47":2,"48":0,"49":2,"50":2,"51":472,"52":472,"53":0,"54":472,"55":472,"56":481,"57":482,"58":482,"59":898,"60":878,"61":878,"62":878,"63":20,"64":9,"65":9,"66":0,"67":9,"68":11,"69":11,"70":7,"71":4,"72":4,"73":4,"74":4,"75":4,"76":463,"77":463,"78":463,"79":0,"80":463,"81":463,"82":4,"83":482,"84":0,"85":482,"86":481,"87":0,"88":0,"89":0,"90":0,"91":481,"92":0,"93":0,"94":0,"95":0,"96":481,"97":10,"98":10,"99":10,"100":10,"101":0,"102":10,"103":10,"104":10,"105":1,"106":1763},"b":{"1":[3,478],"2":[3,479],"3":[4,478],"4":[0,4],"5":[0,4],"6":[4,474],"7":[0,4],"8":[0,4],"9":[2,472],"10":[474,474],"11":[0,2],"12":[0,2],"13":[0,472],"14":[472,10],"15":[878,20],"16":[9,11],"17":[0,9],"18":[11,0],"19":[7,4],"20":[4,0],"21":[0,4],"22":[0,463],"23":[4,459],"24":[0,482],"25":[0,0],"26":[0,0],"27":[0,10],"28":[1763,3,1760,1756,1749]},"f":{"1":10,"2":481,"3":482,"4":4,"5":4,"6":4,"7":4,"8":2,"9":2,"10":472,"11":482,"12":898,"13":9,"14":463,"15":463,"16":482,"17":0,"18":0,"19":10,"20":10,"21":1763},"fnMap":{"1":{"name":"Xray","line":36,"loc":{"start":{"line":36,"column":0},"end":{"line":36,"column":16}}},"2":{"name":"xray","line":38,"loc":{"start":{"line":38,"column":2},"end":{"line":38,"column":33}}},"3":{"name":"node","line":44,"loc":{"start":{"line":44,"column":4},"end":{"line":44,"column":32}}},"4":{"name":"(anonymous_4)","line":52,"loc":{"start":{"line":52,"column":31},"end":{"line":52,"column":51}}},"5":{"name":"(anonymous_5)","line":54,"loc":{"start":{"line":54,"column":26},"end":{"line":54,"column":45}}},"6":{"name":"(anonymous_6)","line":61,"loc":{"start":{"line":61,"column":28},"end":{"line":61,"column":48}}},"7":{"name":"(anonymous_7)","line":63,"loc":{"start":{"line":63,"column":26},"end":{"line":63,"column":45}}},"8":{"name":"(anonymous_8)","line":72,"loc":{"start":{"line":72,"column":26},"end":{"line":72,"column":46}}},"9":{"name":"(anonymous_9)","line":74,"loc":{"start":{"line":74,"column":26},"end":{"line":74,"column":43}}},"10":{"name":"(anonymous_10)","line":81,"loc":{"start":{"line":81,"column":28},"end":{"line":81,"column":47}}},"11":{"name":"(anonymous_11)","line":89,"loc":{"start":{"line":89,"column":16},"end":{"line":89,"column":35}}},"12":{"name":"(anonymous_12)","line":93,"loc":{"start":{"line":93,"column":21},"end":{"line":93,"column":42}}},"13":{"name":"(anonymous_13)","line":100,"loc":{"start":{"line":100,"column":15},"end":{"line":100,"column":34}}},"14":{"name":"(anonymous_14)","line":114,"loc":{"start":{"line":114,"column":24},"end":{"line":114,"column":40}}},"15":{"name":"(anonymous_15)","line":116,"loc":{"start":{"line":116,"column":45},"end":{"line":116,"column":64}}},"16":{"name":"(anonymous_16)","line":135,"loc":{"start":{"line":135,"column":9},"end":{"line":135,"column":28}}},"17":{"name":"(anonymous_17)","line":141,"loc":{"start":{"line":141,"column":17},"end":{"line":141,"column":31}}},"18":{"name":"(anonymous_18)","line":147,"loc":{"start":{"line":147,"column":20},"end":{"line":147,"column":34}}},"19":{"name":"(anonymous_19)","line":156,"loc":{"start":{"line":156,"column":17},"end":{"line":156,"column":35}}},"20":{"name":"(anonymous_20)","line":158,"loc":{"start":{"line":158,"column":24},"end":{"line":158,"column":43}}},"21":{"name":"root","line":175,"loc":{"start":{"line":175,"column":0},"end":{"line":175,"column":24}}}},"statementMap":{"1":{"start":{"line":5,"column":0},"end":{"line":5,"column":39}},"2":{"start":{"line":6,"column":0},"end":{"line":6,"column":35}},"3":{"start":{"line":7,"column":0},"end":{"line":7,"column":33}},"4":{"start":{"line":8,"column":0},"end":{"line":8,"column":30}},"5":{"start":{"line":9,"column":0},"end":{"line":9,"column":29}},"6":{"start":{"line":10,"column":0},"end":{"line":10,"column":28}},"7":{"start":{"line":16,"column":0},"end":{"line":16,"column":39}},"8":{"start":{"line":17,"column":0},"end":{"line":17,"column":33}},"9":{"start":{"line":23,"column":0},"end":{"line":23,"column":46}},"10":{"start":{"line":24,"column":0},"end":{"line":24,"column":44}},"11":{"start":{"line":30,"column":0},"end":{"line":30,"column":22}},"12":{"start":{"line":36,"column":0},"end":{"line":166,"column":1}},"13":{"start":{"line":38,"column":2},"end":{"line":154,"column":3}},"14":{"start":{"line":39,"column":4},"end":{"line":42,"column":5}},"15":{"start":{"line":40,"column":6},"end":{"line":40,"column":23}},"16":{"start":{"line":41,"column":6},"end":{"line":41,"column":19}},"17":{"start":{"line":44,"column":4},"end":{"line":87,"column":5}},"18":{"start":{"line":45,"column":6},"end":{"line":48,"column":7}},"19":{"start":{"line":46,"column":8},"end":{"line":46,"column":22}},"20":{"start":{"line":47,"column":8},"end":{"line":47,"column":24}},"21":{"start":{"line":50,"column":6},"end":{"line":86,"column":7}},"22":{"start":{"line":51,"column":8},"end":{"line":51,"column":55}},"23":{"start":{"line":52,"column":8},"end":{"line":58,"column":11}},"24":{"start":{"line":53,"column":10},"end":{"line":53,"column":34}},"25":{"start":{"line":53,"column":19},"end":{"line":53,"column":34}},"26":{"start":{"line":54,"column":10},"end":{"line":57,"column":13}},"27":{"start":{"line":55,"column":12},"end":{"line":55,"column":36}},"28":{"start":{"line":55,"column":21},"end":{"line":55,"column":36}},"29":{"start":{"line":56,"column":12},"end":{"line":56,"column":26}},"30":{"start":{"line":59,"column":13},"end":{"line":86,"column":7}},"31":{"start":{"line":60,"column":8},"end":{"line":60,"column":63}},"32":{"start":{"line":61,"column":8},"end":{"line":67,"column":11}},"33":{"start":{"line":62,"column":10},"end":{"line":62,"column":34}},"34":{"start":{"line":62,"column":19},"end":{"line":62,"column":34}},"35":{"start":{"line":63,"column":10},"end":{"line":66,"column":13}},"36":{"start":{"line":64,"column":12},"end":{"line":64,"column":36}},"37":{"start":{"line":64,"column":21},"end":{"line":64,"column":36}},"38":{"start":{"line":65,"column":12},"end":{"line":65,"column":26}},"39":{"start":{"line":68,"column":13},"end":{"line":86,"column":7}},"40":{"start":{"line":69,"column":8},"end":{"line":69,"column":50}},"41":{"start":{"line":70,"column":8},"end":{"line":70,"column":43}},"42":{"start":{"line":71,"column":8},"end":{"line":71,"column":69}},"43":{"start":{"line":72,"column":8},"end":{"line":79,"column":11}},"44":{"start":{"line":73,"column":10},"end":{"line":73,"column":34}},"45":{"start":{"line":73,"column":19},"end":{"line":73,"column":34}},"46":{"start":{"line":74,"column":10},"end":{"line":78,"column":13}},"47":{"start":{"line":75,"column":12},"end":{"line":75,"column":32}},"48":{"start":{"line":75,"column":19},"end":{"line":75,"column":32}},"49":{"start":{"line":76,"column":12},"end":{"line":76,"column":30}},"50":{"start":{"line":77,"column":12},"end":{"line":77,"column":26}},"51":{"start":{"line":81,"column":8},"end":{"line":85,"column":11}},"52":{"start":{"line":82,"column":10},"end":{"line":82,"column":34}},"53":{"start":{"line":82,"column":19},"end":{"line":82,"column":34}},"54":{"start":{"line":83,"column":10},"end":{"line":83,"column":33}},"55":{"start":{"line":84,"column":10},"end":{"line":84,"column":24}},"56":{"start":{"line":89,"column":4},"end":{"line":139,"column":5}},"57":{"start":{"line":90,"column":6},"end":{"line":90,"column":52}},"58":{"start":{"line":93,"column":6},"end":{"line":138,"column":9}},"59":{"start":{"line":94,"column":8},"end":{"line":134,"column":9}},"60":{"start":{"line":95,"column":10},"end":{"line":95,"column":49}},"61":{"start":{"line":96,"column":10},"end":{"line":96,"column":56}},"62":{"start":{"line":98,"column":10},"end":{"line":98,"column":28}},"63":{"start":{"line":99,"column":15},"end":{"line":134,"column":9}},"64":{"start":{"line":100,"column":10},"end":{"line":103,"column":13}},"65":{"start":{"line":101,"column":12},"end":{"line":101,"column":38}},"66":{"start":{"line":101,"column":21},"end":{"line":101,"column":38}},"67":{"start":{"line":102,"column":12},"end":{"line":102,"column":28}},"68":{"start":{"line":104,"column":15},"end":{"line":134,"column":9}},"69":{"start":{"line":105,"column":10},"end":{"line":133,"column":11}},"70":{"start":{"line":108,"column":12},"end":{"line":108,"column":51}},"71":{"start":{"line":109,"column":17},"end":{"line":133,"column":11}},"72":{"start":{"line":110,"column":12},"end":{"line":110,"column":59}},"73":{"start":{"line":111,"column":12},"end":{"line":111,"column":40}},"74":{"start":{"line":112,"column":12},"end":{"line":112,"column":25}},"75":{"start":{"line":114,"column":12},"end":{"line":121,"column":14}},"76":{"start":{"line":115,"column":14},"end":{"line":115,"column":45}},"77":{"start":{"line":116,"column":14},"end":{"line":120,"column":16}},"78":{"start":{"line":117,"column":16},"end":{"line":117,"column":42}},"79":{"start":{"line":117,"column":25},"end":{"line":117,"column":42}},"80":{"start":{"line":118,"column":16},"end":{"line":118,"column":29}},"81":{"start":{"line":119,"column":16},"end":{"line":119,"column":55}},"82":{"start":{"line":119,"column":32},"end":{"line":119,"column":55}},"83":{"start":{"line":136,"column":8},"end":{"line":136,"column":32}},"84":{"start":{"line":136,"column":17},"end":{"line":136,"column":32}},"85":{"start":{"line":137,"column":8},"end":{"line":137,"column":22}},"86":{"start":{"line":141,"column":4},"end":{"line":145,"column":5}},"87":{"start":{"line":142,"column":6},"end":{"line":142,"column":42}},"88":{"start":{"line":142,"column":29},"end":{"line":142,"column":42}},"89":{"start":{"line":143,"column":6},"end":{"line":143,"column":18}},"90":{"start":{"line":144,"column":6},"end":{"line":144,"column":18}},"91":{"start":{"line":147,"column":4},"end":{"line":151,"column":5}},"92":{"start":{"line":148,"column":6},"end":{"line":148,"column":45}},"93":{"start":{"line":148,"column":29},"end":{"line":148,"column":45}},"94":{"start":{"line":149,"column":6},"end":{"line":149,"column":21}},"95":{"start":{"line":150,"column":6},"end":{"line":150,"column":18}},"96":{"start":{"line":153,"column":4},"end":{"line":153,"column":16}},"97":{"start":{"line":156,"column":2},"end":{"line":163,"column":3}},"98":{"start":{"line":157,"column":4},"end":{"line":157,"column":38}},"99":{"start":{"line":158,"column":4},"end":{"line":162,"column":6}},"100":{"start":{"line":159,"column":6},"end":{"line":159,"column":30}},"101":{"start":{"line":159,"column":15},"end":{"line":159,"column":30}},"102":{"start":{"line":160,"column":6},"end":{"line":160,"column":42}},"103":{"start":{"line":161,"column":6},"end":{"line":161,"column":32}},"104":{"start":{"line":165,"column":2},"end":{"line":165,"column":14}},"105":{"start":{"line":175,"column":0},"end":{"line":180,"column":1}},"106":{"start":{"line":176,"column":2},"end":{"line":179,"column":16}}},"branchMap":{"1":{"line":39,"type":"if","locations":[{"start":{"line":39,"column":4},"end":{"line":39,"column":4}},{"start":{"line":39,"column":4},"end":{"line":39,"column":4}}]},"2":{"line":45,"type":"if","locations":[{"start":{"line":45,"column":6},"end":{"line":45,"column":6}},{"start":{"line":45,"column":6},"end":{"line":45,"column":6}}]},"3":{"line":50,"type":"if","locations":[{"start":{"line":50,"column":6},"end":{"line":50,"column":6}},{"start":{"line":50,"column":6},"end":{"line":50,"column":6}}]},"4":{"line":53,"type":"if","locations":[{"start":{"line":53,"column":10},"end":{"line":53,"column":10}},{"start":{"line":53,"column":10},"end":{"line":53,"column":10}}]},"5":{"line":55,"type":"if","locations":[{"start":{"line":55,"column":12},"end":{"line":55,"column":12}},{"start":{"line":55,"column":12},"end":{"line":55,"column":12}}]},"6":{"line":59,"type":"if","locations":[{"start":{"line":59,"column":13},"end":{"line":59,"column":13}},{"start":{"line":59,"column":13},"end":{"line":59,"column":13}}]},"7":{"line":62,"type":"if","locations":[{"start":{"line":62,"column":10},"end":{"line":62,"column":10}},{"start":{"line":62,"column":10},"end":{"line":62,"column":10}}]},"8":{"line":64,"type":"if","locations":[{"start":{"line":64,"column":12},"end":{"line":64,"column":12}},{"start":{"line":64,"column":12},"end":{"line":64,"column":12}}]},"9":{"line":68,"type":"if","locations":[{"start":{"line":68,"column":13},"end":{"line":68,"column":13}},{"start":{"line":68,"column":13},"end":{"line":68,"column":13}}]},"10":{"line":68,"type":"binary-expr","locations":[{"start":{"line":68,"column":17},"end":{"line":68,"column":22}},{"start":{"line":68,"column":26},"end":{"line":68,"column":45}}]},"11":{"line":73,"type":"if","locations":[{"start":{"line":73,"column":10},"end":{"line":73,"column":10}},{"start":{"line":73,"column":10},"end":{"line":73,"column":10}}]},"12":{"line":75,"type":"if","locations":[{"start":{"line":75,"column":12},"end":{"line":75,"column":12}},{"start":{"line":75,"column":12},"end":{"line":75,"column":12}}]},"13":{"line":82,"type":"if","locations":[{"start":{"line":82,"column":10},"end":{"line":82,"column":10}},{"start":{"line":82,"column":10},"end":{"line":82,"column":10}}]},"14":{"line":90,"type":"cond-expr","locations":[{"start":{"line":90,"column":26},"end":{"line":90,"column":30}},{"start":{"line":90,"column":33},"end":{"line":90,"column":51}}]},"15":{"line":94,"type":"if","locations":[{"start":{"line":94,"column":8},"end":{"line":94,"column":8}},{"start":{"line":94,"column":8},"end":{"line":94,"column":8}}]},"16":{"line":99,"type":"if","locations":[{"start":{"line":99,"column":15},"end":{"line":99,"column":15}},{"start":{"line":99,"column":15},"end":{"line":99,"column":15}}]},"17":{"line":101,"type":"if","locations":[{"start":{"line":101,"column":12},"end":{"line":101,"column":12}},{"start":{"line":101,"column":12},"end":{"line":101,"column":12}}]},"18":{"line":104,"type":"if","locations":[{"start":{"line":104,"column":15},"end":{"line":104,"column":15}},{"start":{"line":104,"column":15},"end":{"line":104,"column":15}}]},"19":{"line":105,"type":"if","locations":[{"start":{"line":105,"column":10},"end":{"line":105,"column":10}},{"start":{"line":105,"column":10},"end":{"line":105,"column":10}}]},"20":{"line":109,"type":"if","locations":[{"start":{"line":109,"column":17},"end":{"line":109,"column":17}},{"start":{"line":109,"column":17},"end":{"line":109,"column":17}}]},"21":{"line":110,"type":"cond-expr","locations":[{"start":{"line":110,"column":34},"end":{"line":110,"column":47}},{"start":{"line":110,"column":50},"end":{"line":110,"column":58}}]},"22":{"line":117,"type":"if","locations":[{"start":{"line":117,"column":16},"end":{"line":117,"column":16}},{"start":{"line":117,"column":16},"end":{"line":117,"column":16}}]},"23":{"line":119,"type":"if","locations":[{"start":{"line":119,"column":16},"end":{"line":119,"column":16}},{"start":{"line":119,"column":16},"end":{"line":119,"column":16}}]},"24":{"line":136,"type":"if","locations":[{"start":{"line":136,"column":8},"end":{"line":136,"column":8}},{"start":{"line":136,"column":8},"end":{"line":136,"column":8}}]},"25":{"line":142,"type":"if","locations":[{"start":{"line":142,"column":6},"end":{"line":142,"column":6}},{"start":{"line":142,"column":6},"end":{"line":142,"column":6}}]},"26":{"line":148,"type":"if","locations":[{"start":{"line":148,"column":6},"end":{"line":148,"column":6}},{"start":{"line":148,"column":6},"end":{"line":148,"column":6}}]},"27":{"line":159,"type":"if","locations":[{"start":{"line":159,"column":6},"end":{"line":159,"column":6}},{"start":{"line":159,"column":6},"end":{"line":159,"column":6}}]},"28":{"line":176,"type":"binary-expr","locations":[{"start":{"line":176,"column":10},"end":{"line":176,"column":37}},{"start":{"line":176,"column":41},"end":{"line":176,"column":58}},{"start":{"line":177,"column":7},"end":{"line":177,"column":30}},{"start":{"line":178,"column":7},"end":{"line":178,"column":23}},{"start":{"line":179,"column":7},"end":{"line":179,"column":15}}]}}},"/Users/matt/Projects/x-ray-simple/lib/resolve.js":{"path":"/Users/matt/Projects/x-ray-simple/lib/resolve.js","s":{"1":1,"2":1,"3":1,"4":1,"5":887,"6":887,"7":887,"8":887,"9":887,"10":51,"11":51,"12":887,"13":1,"14":887,"15":887,"16":5,"17":5,"18":5,"19":6,"20":6,"21":6,"22":15,"23":5,"24":882,"25":821,"26":821,"27":61,"28":2,"29":2,"30":2,"31":100,"32":2,"33":59,"34":59,"35":59,"36":1,"37":893,"38":872,"39":21,"40":1,"41":995,"42":0,"43":843,"44":152},"b":{"1":[7,880],"2":[887,831],"3":[51,836],"4":[7,880],"5":[5,882],"6":[887,826],"7":[821,61],"8":[2,59],"9":[872,21],"10":[893,880],"11":[8,13],"12":[0,843,152]},"f":{"1":887,"2":887,"3":6,"4":15,"5":100,"6":893,"7":995},"fnMap":{"1":{"name":"resolve","line":24,"loc":{"start":{"line":24,"column":0},"end":{"line":24,"column":46}}},"2":{"name":"find","line":57,"loc":{"start":{"line":57,"column":0},"end":{"line":57,"column":40}}},"3":{"name":"(anonymous_3)","line":62,"loc":{"start":{"line":62,"column":15},"end":{"line":62,"column":27}}},"4":{"name":"(anonymous_4)","line":65,"loc":{"start":{"line":65,"column":20},"end":{"line":65,"column":32}}},"5":{"name":"(anonymous_5)","line":77,"loc":{"start":{"line":77,"column":20},"end":{"line":77,"column":32}}},"6":{"name":"select","line":89,"loc":{"start":{"line":89,"column":0},"end":{"line":89,"column":29}}},"7":{"name":"attribute","line":94,"loc":{"start":{"line":94,"column":0},"end":{"line":94,"column":30}}}},"statementMap":{"1":{"start":{"line":5,"column":0},"end":{"line":5,"column":35}},"2":{"start":{"line":6,"column":0},"end":{"line":6,"column":28}},"3":{"start":{"line":12,"column":0},"end":{"line":12,"column":25}},"4":{"start":{"line":24,"column":0},"end":{"line":55,"column":1}},"5":{"start":{"line":25,"column":2},"end":{"line":25,"column":76}},"6":{"start":{"line":26,"column":2},"end":{"line":26,"column":31}},"7":{"start":{"line":27,"column":2},"end":{"line":27,"column":50}},"8":{"start":{"line":28,"column":2},"end":{"line":28,"column":42}},"9":{"start":{"line":30,"column":2},"end":{"line":33,"column":3}},"10":{"start":{"line":31,"column":4},"end":{"line":31,"column":25}},"11":{"start":{"line":32,"column":4},"end":{"line":32,"column":17}},"12":{"start":{"line":35,"column":2},"end":{"line":35,"column":78}},"13":{"start":{"line":57,"column":0},"end":{"line":87,"column":1}},"14":{"start":{"line":58,"column":2},"end":{"line":58,"column":13}},"15":{"start":{"line":59,"column":2},"end":{"line":86,"column":3}},"16":{"start":{"line":60,"column":4},"end":{"line":60,"column":34}},"17":{"start":{"line":61,"column":4},"end":{"line":61,"column":17}},"18":{"start":{"line":62,"column":4},"end":{"line":68,"column":7}},"19":{"start":{"line":63,"column":6},"end":{"line":63,"column":29}},"20":{"start":{"line":64,"column":6},"end":{"line":64,"column":47}},"21":{"start":{"line":65,"column":6},"end":{"line":67,"column":9}},"22":{"start":{"line":66,"column":8},"end":{"line":66,"column":51}},"23":{"start":{"line":69,"column":4},"end":{"line":69,"column":15}},"24":{"start":{"line":70,"column":9},"end":{"line":86,"column":3}},"25":{"start":{"line":71,"column":4},"end":{"line":71,"column":34}},"26":{"start":{"line":72,"column":4},"end":{"line":72,"column":56}},"27":{"start":{"line":74,"column":4},"end":{"line":85,"column":5}},"28":{"start":{"line":75,"column":6},"end":{"line":75,"column":45}},"29":{"start":{"line":76,"column":6},"end":{"line":76,"column":19}},"30":{"start":{"line":77,"column":6},"end":{"line":79,"column":8}},"31":{"start":{"line":78,"column":8},"end":{"line":78,"column":51}},"32":{"start":{"line":80,"column":6},"end":{"line":80,"column":17}},"33":{"start":{"line":82,"column":6},"end":{"line":82,"column":27}},"34":{"start":{"line":83,"column":6},"end":{"line":83,"column":42}},"35":{"start":{"line":84,"column":6},"end":{"line":84,"column":46}},"36":{"start":{"line":89,"column":0},"end":{"line":92,"column":1}},"37":{"start":{"line":90,"column":2},"end":{"line":90,"column":39}},"38":{"start":{"line":90,"column":30},"end":{"line":90,"column":39}},"39":{"start":{"line":91,"column":2},"end":{"line":91,"column":49}},"40":{"start":{"line":94,"column":0},"end":{"line":103,"column":1}},"41":{"start":{"line":95,"column":2},"end":{"line":102,"column":3}},"42":{"start":{"line":97,"column":6},"end":{"line":97,"column":24}},"43":{"start":{"line":99,"column":6},"end":{"line":99,"column":24}},"44":{"start":{"line":101,"column":6},"end":{"line":101,"column":28}}},"branchMap":{"1":{"line":27,"type":"cond-expr","locations":[{"start":{"line":27,"column":26},"end":{"line":27,"column":37}},{"start":{"line":27,"column":40},"end":{"line":27,"column":48}}]},"2":{"line":28,"type":"binary-expr","locations":[{"start":{"line":28,"column":18},"end":{"line":28,"column":31}},{"start":{"line":28,"column":35},"end":{"line":28,"column":41}}]},"3":{"line":30,"type":"if","locations":[{"start":{"line":30,"column":2},"end":{"line":30,"column":2}},{"start":{"line":30,"column":2},"end":{"line":30,"column":2}}]},"4":{"line":35,"type":"cond-expr","locations":[{"start":{"line":35,"column":25},"end":{"line":35,"column":39}},{"start":{"line":35,"column":42},"end":{"line":35,"column":54}}]},"5":{"line":59,"type":"if","locations":[{"start":{"line":59,"column":2},"end":{"line":59,"column":2}},{"start":{"line":59,"column":2},"end":{"line":59,"column":2}}]},"6":{"line":59,"type":"binary-expr","locations":[{"start":{"line":59,"column":6},"end":{"line":59,"column":11}},{"start":{"line":59,"column":15},"end":{"line":59,"column":32}}]},"7":{"line":70,"type":"if","locations":[{"start":{"line":70,"column":9},"end":{"line":70,"column":9}},{"start":{"line":70,"column":9},"end":{"line":70,"column":9}}]},"8":{"line":74,"type":"if","locations":[{"start":{"line":74,"column":4},"end":{"line":74,"column":4}},{"start":{"line":74,"column":4},"end":{"line":74,"column":4}}]},"9":{"line":90,"type":"if","locations":[{"start":{"line":90,"column":2},"end":{"line":90,"column":2}},{"start":{"line":90,"column":2},"end":{"line":90,"column":2}}]},"10":{"line":90,"type":"binary-expr","locations":[{"start":{"line":90,"column":6},"end":{"line":90,"column":10}},{"start":{"line":90,"column":14},"end":{"line":90,"column":28}}]},"11":{"line":91,"type":"cond-expr","locations":[{"start":{"line":91,"column":18},"end":{"line":91,"column":34}},{"start":{"line":91,"column":37},"end":{"line":91,"column":48}}]},"12":{"line":95,"type":"switch","locations":[{"start":{"line":96,"column":4},"end":{"line":97,"column":24}},{"start":{"line":98,"column":4},"end":{"line":99,"column":24}},{"start":{"line":100,"column":4},"end":{"line":101,"column":28}}]}}},"/Users/matt/Projects/x-ray-simple/lib/walk.js":{"path":"/Users/matt/Projects/x-ray-simple/lib/walk.js","s":{"1":1,"2":1,"3":1,"4":1,"5":1365,"6":1365,"7":1365,"8":467,"9":467,"10":883,"11":883,"12":883,"13":883,"14":0,"15":883,"16":883,"17":898,"18":898,"19":898,"20":898,"21":0,"22":898,"23":898,"24":1365,"25":1365,"26":0,"27":1365},"b":{"1":[467,898],"2":[0,883],"3":[0,898],"4":[0,1365]},"f":{"1":1365,"2":883,"3":883,"4":883,"5":898,"6":898,"7":1365},"fnMap":{"1":{"name":"walk","line":18,"loc":{"start":{"line":18,"column":0},"end":{"line":18,"column":34}}},"2":{"name":"(anonymous_2)","line":24,"loc":{"start":{"line":24,"column":29},"end":{"line":24,"column":41}}},"3":{"name":"(anonymous_3)","line":26,"loc":{"start":{"line":26,"column":17},"end":{"line":26,"column":32}}},"4":{"name":"(anonymous_4)","line":27,"loc":{"start":{"line":27,"column":20},"end":{"line":27,"column":39}}},"5":{"name":"(anonymous_5)","line":36,"loc":{"start":{"line":36,"column":15},"end":{"line":36,"column":30}}},"6":{"name":"(anonymous_6)","line":37,"loc":{"start":{"line":37,"column":19},"end":{"line":37,"column":36}}},"7":{"name":"(anonymous_7)","line":45,"loc":{"start":{"line":45,"column":12},"end":{"line":45,"column":26}}}},"statementMap":{"1":{"start":{"line":5,"column":0},"end":{"line":5,"column":35}},"2":{"start":{"line":6,"column":0},"end":{"line":6,"column":29}},"3":{"start":{"line":12,"column":0},"end":{"line":12,"column":22}},"4":{"start":{"line":18,"column":0},"end":{"line":49,"column":1}},"5":{"start":{"line":19,"column":2},"end":{"line":19,"column":37}},"6":{"start":{"line":20,"column":2},"end":{"line":20,"column":10}},"7":{"start":{"line":22,"column":2},"end":{"line":43,"column":3}},"8":{"start":{"line":23,"column":4},"end":{"line":23,"column":13}},"9":{"start":{"line":24,"column":4},"end":{"line":33,"column":6}},"10":{"start":{"line":25,"column":6},"end":{"line":25,"column":21}},"11":{"start":{"line":26,"column":6},"end":{"line":32,"column":8}},"12":{"start":{"line":27,"column":8},"end":{"line":31,"column":14}},"13":{"start":{"line":28,"column":10},"end":{"line":28,"column":36}},"14":{"start":{"line":28,"column":19},"end":{"line":28,"column":36}},"15":{"start":{"line":29,"column":10},"end":{"line":29,"column":23}},"16":{"start":{"line":30,"column":10},"end":{"line":30,"column":17}},"17":{"start":{"line":35,"column":4},"end":{"line":35,"column":15}},"18":{"start":{"line":36,"column":4},"end":{"line":42,"column":6}},"19":{"start":{"line":37,"column":6},"end":{"line":41,"column":9}},"20":{"start":{"line":38,"column":8},"end":{"line":38,"column":34}},"21":{"start":{"line":38,"column":17},"end":{"line":38,"column":34}},"22":{"start":{"line":39,"column":8},"end":{"line":39,"column":16}},"23":{"start":{"line":40,"column":8},"end":{"line":40,"column":15}},"24":{"start":{"line":45,"column":2},"end":{"line":48,"column":5}},"25":{"start":{"line":46,"column":4},"end":{"line":46,"column":30}},"26":{"start":{"line":46,"column":13},"end":{"line":46,"column":30}},"27":{"start":{"line":47,"column":4},"end":{"line":47,"column":27}}},"branchMap":{"1":{"line":22,"type":"if","locations":[{"start":{"line":22,"column":2},"end":{"line":22,"column":2}},{"start":{"line":22,"column":2},"end":{"line":22,"column":2}}]},"2":{"line":28,"type":"if","locations":[{"start":{"line":28,"column":10},"end":{"line":28,"column":10}},{"start":{"line":28,"column":10},"end":{"line":28,"column":10}}]},"3":{"line":38,"type":"if","locations":[{"start":{"line":38,"column":8},"end":{"line":38,"column":8}},{"start":{"line":38,"column":8},"end":{"line":38,"column":8}}]},"4":{"line":46,"type":"if","locations":[{"start":{"line":46,"column":4},"end":{"line":46,"column":4}},{"start":{"line":46,"column":4},"end":{"line":46,"column":4}}]}}}}