TN:
SF:/Users/matt/Projects/x-ray-simple/index.js
FN:36,Xray
FN:38,xray
FN:44,node
FN:52,(anonymous_4)
FN:54,(anonymous_5)
FN:61,(anonymous_6)
FN:63,(anonymous_7)
FN:72,(anonymous_8)
FN:74,(anonymous_9)
FN:81,(anonymous_10)
FN:89,(anonymous_11)
FN:93,(anonymous_12)
FN:100,(anonymous_13)
FN:114,(anonymous_14)
FN:116,(anonymous_15)
FN:135,(anonymous_16)
FN:141,(anonymous_17)
FN:147,(anonymous_18)
FN:156,(anonymous_19)
FN:158,(anonymous_20)
FN:175,root
FNF:21
FNH:19
FNDA:10,Xray
FNDA:481,xray
FNDA:482,node
FNDA:4,(anonymous_4)
FNDA:4,(anonymous_5)
FNDA:4,(anonymous_6)
FNDA:4,(anonymous_7)
FNDA:2,(anonymous_8)
FNDA:2,(anonymous_9)
FNDA:472,(anonymous_10)
FNDA:482,(anonymous_11)
FNDA:898,(anonymous_12)
FNDA:9,(anonymous_13)
FNDA:463,(anonymous_14)
FNDA:463,(anonymous_15)
FNDA:482,(anonymous_16)
FNDA:0,(anonymous_17)
FNDA:0,(anonymous_18)
FNDA:10,(anonymous_19)
FNDA:10,(anonymous_20)
FNDA:1763,root
DA:5,1
DA:6,1
DA:7,1
DA:8,1
DA:9,1
DA:10,1
DA:16,1
DA:17,1
DA:23,1
DA:24,1
DA:30,1
DA:36,1
DA:38,1
DA:39,481
DA:40,3
DA:41,3
DA:44,1
DA:45,482
DA:46,3
DA:47,3
DA:50,482
DA:51,4
DA:52,4
DA:53,4
DA:54,4
DA:55,4
DA:56,4
DA:59,478
DA:60,4
DA:61,4
DA:62,4
DA:63,4
DA:64,4
DA:65,4
DA:68,474
DA:69,2
DA:70,2
DA:71,2
DA:72,2
DA:73,2
DA:74,2
DA:75,2
DA:76,2
DA:77,2
DA:81,472
DA:82,472
DA:83,472
DA:84,472
DA:89,481
DA:90,482
DA:93,482
DA:94,898
DA:95,878
DA:96,878
DA:98,878
DA:99,20
DA:100,9
DA:101,9
DA:102,9
DA:104,11
DA:105,11
DA:108,7
DA:109,4
DA:110,4
DA:111,4
DA:112,4
DA:114,4
DA:115,463
DA:116,463
DA:117,463
DA:118,463
DA:119,463
DA:136,482
DA:137,482
DA:141,481
DA:142,0
DA:143,0
DA:144,0
DA:147,481
DA:148,0
DA:149,0
DA:150,0
DA:153,481
DA:156,10
DA:157,10
DA:158,10
DA:159,10
DA:160,10
DA:161,10
DA:165,10
DA:175,1
DA:176,1763
LF:92
LH:86
BRDA:39,1,0,3
BRDA:39,1,1,478
BRDA:45,2,0,3
BRDA:45,2,1,479
BRDA:50,3,0,4
BRDA:50,3,1,478
BRDA:53,4,0,0
BRDA:53,4,1,4
BRDA:55,5,0,0
BRDA:55,5,1,4
BRDA:59,6,0,4
BRDA:59,6,1,474
BRDA:62,7,0,0
BRDA:62,7,1,4
BRDA:64,8,0,0
BRDA:64,8,1,4
BRDA:68,9,0,2
BRDA:68,9,1,472
BRDA:68,10,0,474
BRDA:68,10,1,474
BRDA:73,11,0,0
BRDA:73,11,1,2
BRDA:75,12,0,0
BRDA:75,12,1,2
BRDA:82,13,0,0
BRDA:82,13,1,472
BRDA:90,14,0,472
BRDA:90,14,1,10
BRDA:94,15,0,878
BRDA:94,15,1,20
BRDA:99,16,0,9
BRDA:99,16,1,11
BRDA:101,17,0,0
BRDA:101,17,1,9
BRDA:104,18,0,11
BRDA:104,18,1,0
BRDA:105,19,0,7
BRDA:105,19,1,4
BRDA:109,20,0,4
BRDA:109,20,1,0
BRDA:110,21,0,0
BRDA:110,21,1,4
BRDA:117,22,0,0
BRDA:117,22,1,463
BRDA:119,23,0,4
BRDA:119,23,1,459
BRDA:136,24,0,0
BRDA:136,24,1,482
BRDA:142,25,0,0
BRDA:142,25,1,0
BRDA:148,26,0,0
BRDA:148,26,1,0
BRDA:159,27,0,0
BRDA:159,27,1,10
BRDA:176,28,0,1763
BRDA:176,28,1,3
BRDA:176,28,2,1760
BRDA:176,28,3,1756
BRDA:176,28,4,1749
BRF:59
BRH:41
end_of_record
TN:
SF:/Users/matt/Projects/x-ray-simple/lib/resolve.js
FN:24,resolve
FN:57,find
FN:62,(anonymous_3)
FN:65,(anonymous_4)
FN:77,(anonymous_5)
FN:89,select
FN:94,attribute
FNF:7
FNH:7
FNDA:887,resolve
FNDA:887,find
FNDA:6,(anonymous_3)
FNDA:15,(anonymous_4)
FNDA:100,(anonymous_5)
FNDA:893,select
FNDA:995,attribute
DA:5,1
DA:6,1
DA:12,1
DA:24,1
DA:25,887
DA:26,887
DA:27,887
DA:28,887
DA:30,887
DA:31,51
DA:32,51
DA:35,887
DA:57,1
DA:58,887
DA:59,887
DA:60,5
DA:61,5
DA:62,5
DA:63,6
DA:64,6
DA:65,6
DA:66,15
DA:69,5
DA:70,882
DA:71,821
DA:72,821
DA:74,61
DA:75,2
DA:76,2
DA:77,2
DA:78,100
DA:80,2
DA:82,59
DA:83,59
DA:84,59
DA:89,1
DA:90,893
DA:91,21
DA:94,1
DA:95,995
DA:97,0
DA:99,843
DA:101,152
LF:43
LH:42
BRDA:27,1,0,7
BRDA:27,1,1,880
BRDA:28,2,0,887
BRDA:28,2,1,831
BRDA:30,3,0,51
BRDA:30,3,1,836
BRDA:35,4,0,7
BRDA:35,4,1,880
BRDA:59,5,0,5
BRDA:59,5,1,882
BRDA:59,6,0,887
BRDA:59,6,1,826
BRDA:70,7,0,821
BRDA:70,7,1,61
BRDA:74,8,0,2
BRDA:74,8,1,59
BRDA:90,9,0,872
BRDA:90,9,1,21
BRDA:90,10,0,893
BRDA:90,10,1,880
BRDA:91,11,0,8
BRDA:91,11,1,13
BRDA:95,12,0,0
BRDA:95,12,1,843
BRDA:95,12,2,152
BRF:25
BRH:24
end_of_record
TN:
SF:/Users/matt/Projects/x-ray-simple/lib/walk.js
FN:18,walk
FN:24,(anonymous_2)
FN:26,(anonymous_3)
FN:27,(anonymous_4)
FN:36,(anonymous_5)
FN:37,(anonymous_6)
FN:45,(anonymous_7)
FNF:7
FNH:7
FNDA:1365,walk
FNDA:883,(anonymous_2)
FNDA:883,(anonymous_3)
FNDA:883,(anonymous_4)
FNDA:898,(anonymous_5)
FNDA:898,(anonymous_6)
FNDA:1365,(anonymous_7)
DA:5,1
DA:6,1
DA:12,1
DA:18,1
DA:19,1365
DA:20,1365
DA:22,1365
DA:23,467
DA:24,467
DA:25,883
DA:26,883
DA:27,883
DA:28,883
DA:29,883
DA:30,883
DA:35,898
DA:36,898
DA:37,898
DA:38,898
DA:39,898
DA:40,898
DA:45,1365
DA:46,1365
DA:47,1365
LF:24
LH:24
BRDA:22,1,0,467
BRDA:22,1,1,898
BRDA:28,2,0,0
BRDA:28,2,1,883
BRDA:38,3,0,0
BRDA:38,3,1,898
BRDA:46,4,0,0
BRDA:46,4,1,1365
BRF:8
BRH:5
end_of_record
